<?xml version="1.0" encoding="UTF-8"?>
<testsuite xmlns:xsi="http://www.w3.org/2001/XMLSchema-instance" xsi:noNamespaceSchemaLocation="https://maven.apache.org/surefire/maven-surefire-plugin/xsd/surefire-test-report-3.0.xsd" version="3.0" name="TestRunnerClass" time="22.464" tests="1" errors="0" skipped="0" failures="0">
  <properties>
[...]
</properties>
  <testcase name="Test login funcationality for ORM Application." classname="Validation of ORM Application WebApplication." time="21.657">
    <system-out><![CDATA[
@test1
Scenario: Test login funcationality for ORM Application. &amp#27;[90m# src/test/resources/features/ValidateLoginPageFuncationOnORMApplication.feature:3&amp#27;[0m
Initializing WebDriver...
WebDriver Initialized: ChromeDriver: chrome on windows (5155901b80460f0c81a58107372acce0)
Current URL: https://opensource-demo.orangehrmlive.com/web/index.php/auth/login
  &amp#27;[32mGiven &amp#27;[0m&amp#27;[32mNavigate to application.&amp#27;[0m                         &amp#27;[90m# com.stepdefinations.ormapp.StepDefinations.navigate_to_application()&amp#27;[0m
Waiting for WebElement visibility
  &amp#27;[32mAnd &amp#27;[0m&amp#27;[32mCall "&amp#27;[0m&amp#27;[32m&amp#27;[1mloginToApplication&amp#27;[0m&amp#27;[32m" on "&amp#27;[0m&amp#27;[32m&amp#27;[1mLoginPage&amp#27;[0m&amp#27;[32m"&amp#27;[0m           &amp#27;[90m# com.stepdefinations.ormapp.StepDefinations.call_on(java.lang.String,java.lang.String,java.util.Map<java.lang.String, java.lang.String>)&amp#27;[0m
    | USERNAME | Admin    |
    | PASSWORD | admin123 |
WebDriver Quit Successfully.
]]></system-out>
    <system-err><![CDATA[May 17, 2025 4:09:06 PM org.openqa.selenium.devtools.CdpVersionFinder findNearestMatch
WARNING: Unable to find an exact match for CDP version 136, returning the closest version; found: 135; Please update to a Selenium version that supports CDP version 136
]]></system-err>
  </testcase>
</testsuite>