<?xml version="1.0" encoding="UTF-8"?>
<testng-results ignored="0" total="2" passed="2" failed="0" skipped="0">
  <reporter-output>
  </reporter-output>
  <suite started-at="2025-05-19T22:50:49 IST" name="Default suite" finished-at="2025-05-19T22:51:12 IST" duration-ms="22636">
    <groups>
      <group name="cucumber">
        <method signature="AbstractTestNGCucumberTests.runScenario(io.cucumber.testng.PickleWrapper,io.cucumber.testng.FeatureWrapper)[pri:0, instance:com.runner.ormapp.TestRunner1@217ed35e]" name="runScenario" class="io.cucumber.testng.AbstractTestNGCucumberTests"/>
      </group> <!-- cucumber -->
    </groups>
    <test started-at="2025-05-19T22:50:49 IST" name="Default test" finished-at="2025-05-19T22:51:12 IST" duration-ms="22636">
      <class name="com.runner.ormapp.TestRunner1">
        <test-method is-config="true" signature="setUpClass(org.testng.ITestContext)[pri:0, instance:com.runner.ormapp.TestRunner1@217ed35e]" started-at="2025-05-19T22:50:50 IST" name="setUpClass" finished-at="2025-05-19T22:50:50 IST" duration-ms="312" status="PASS">
          <params>
            <param index="0">
              <value>
                <![CDATA[org.testng.TestRunner@6b5894c8]]>
              </value>
            </param>
          </params>
          <reporter-output>
          </reporter-output>
        </test-method> <!-- setUpClass -->
        <test-method signature="runScenario(io.cucumber.testng.PickleWrapper,io.cucumber.testng.FeatureWrapper)[pri:0, instance:com.runner.ormapp.TestRunner1@217ed35e]" started-at="2025-05-19T22:50:50 IST" name="runScenario" description="Runs Cucumber Scenarios" data-provider="scenarios" finished-at="2025-05-19T22:51:11 IST" duration-ms="21492" status="PASS">
          <params>
            <param index="0">
              <value>
                <![CDATA["Test login funcationality for ORM Application."]]>
              </value>
            </param>
            <param index="1">
              <value>
                <![CDATA["Validation of ORM Application WebApplication."]]>
              </value>
            </param>
          </params>
          <reporter-output>
          </reporter-output>
        </test-method> <!-- runScenario -->
        <test-method signature="runScenario(io.cucumber.testng.PickleWrapper,io.cucumber.testng.FeatureWrapper)[pri:0, instance:com.runner.ormapp.TestRunner1@217ed35e]" started-at="2025-05-19T22:50:50 IST" name="runScenario" description="Runs Cucumber Scenarios" data-provider="scenarios" finished-at="2025-05-19T22:51:11 IST" duration-ms="20760" status="PASS">
          <params>
            <param index="0">
              <value>
                <![CDATA["Test login funcationality for ORM Application."]]>
              </value>
            </param>
            <param index="1">
              <value>
                <![CDATA["Validation of ORM Application WebApplication."]]>
              </value>
            </param>
          </params>
          <reporter-output>
          </reporter-output>
        </test-method> <!-- runScenario -->
        <test-method is-config="true" signature="tearDownClass()[pri:0, instance:com.runner.ormapp.TestRunner1@217ed35e]" started-at="2025-05-19T22:51:11 IST" name="tearDownClass" finished-at="2025-05-19T22:51:12 IST" duration-ms="781" status="PASS">
          <reporter-output>
          </reporter-output>
        </test-method> <!-- tearDownClass -->
      </class> <!-- com.runner.ormapp.TestRunner1 -->
    </test> <!-- Default test -->
  </suite> <!-- Default suite -->
</testng-results>
